✅ Connected to MinIO: localhost:9000

======================================================================
🤖 BUS ALERT CONSUMER
======================================================================
   MinIO: localhost:9000
   Container: http://localhost:8000
   Poll interval: 5s
======================================================================

❌ Failed to list jobs: HTTPConnectionPool(host='localhost', port=9000): Max retries exceeded with url: /bus-alerts?location= (Caused by NewConnectionError("HTTPConnection(host='localhost', port=9000): Failed to establish a new connection: [Errno 111] Connection refused"))
❌ Failed to list jobs: HTTPConnectionPool(host='localhost', port=9000): Max retries exceeded with url: /bus-alerts?location= (Caused by NewConnectionError("HTTPConnection(host='localhost', port=9000): Failed to establish a new connection: [Errno 111] Connection refused"))
❌ Failed to list jobs: HTTPConnectionPool(host='localhost', port=9000): Max retries exceeded with url: /bus-alerts?location= (Caused by NewConnectionError("HTTPConnection(host='localhost', port=9000): Failed to establish a new connection: [Errno 111] Connection refused"))
❌ Failed to list jobs: HTTPConnectionPool(host='localhost', port=9000): Max retries exceeded with url: /bus-alerts?location= (Caused by NewConnectionError("HTTPConnection(host='localhost', port=9000): Failed to establish a new connection: [Errno 111] Connection refused"))
❌ Failed to list jobs: HTTPConnectionPool(host='localhost', port=9000): Max retries exceeded with url: /bus-alerts?location= (Caused by NewConnectionError("HTTPConnection(host='localhost', port=9000): Failed to establish a new connection: [Errno 111] Connection refused"))
❌ Failed to list jobs: HTTPConnectionPool(host='localhost', port=9000): Max retries exceeded with url: /bus-alerts?location= (Caused by NewConnectionError("HTTPConnection(host='localhost', port=9000): Failed to establish a new connection: [Errno 111] Connection refused"))
❌ Failed to list jobs: HTTPConnectionPool(host='localhost', port=9000): Max retries exceeded with url: /bus-alerts?location= (Caused by NewConnectionError("HTTPConnection(host='localhost', port=9000): Failed to establish a new connection: [Errno 111] Connection refused"))
❌ Failed to list jobs: HTTPConnectionPool(host='localhost', port=9000): Max retries exceeded with url: /bus-alerts?location= (Caused by NewConnectionError("HTTPConnection(host='localhost', port=9000): Failed to establish a new connection: [Errno 111] Connection refused"))
❌ Failed to list jobs: HTTPConnectionPool(host='localhost', port=9000): Max retries exceeded with url: /bus-alerts?location= (Caused by NewConnectionError("HTTPConnection(host='localhost', port=9000): Failed to establish a new connection: [Errno 111] Connection refused"))
❌ Failed to list jobs: HTTPConnectionPool(host='localhost', port=9000): Max retries exceeded with url: /bus-alerts?location= (Caused by NewConnectionError("HTTPConnection(host='localhost', port=9000): Failed to establish a new connection: [Errno 111] Connection refused"))
❌ Failed to list jobs: HTTPConnectionPool(host='localhost', port=9000): Max retries exceeded with url: /bus-alerts?location= (Caused by NewConnectionError("HTTPConnection(host='localhost', port=9000): Failed to establish a new connection: [Errno 111] Connection refused"))
❌ Failed to list jobs: HTTPConnectionPool(host='localhost', port=9000): Max retries exceeded with url: /bus-alerts?location= (Caused by NewConnectionError("HTTPConnection(host='localhost', port=9000): Failed to establish a new connection: [Errno 111] Connection refused"))
❌ Failed to list jobs: HTTPConnectionPool(host='localhost', port=9000): Max retries exceeded with url: /bus-alerts?location= (Caused by NewConnectionError("HTTPConnection(host='localhost', port=9000): Failed to establish a new connection: [Errno 111] Connection refused"))
❌ Failed to list jobs: HTTPConnectionPool(host='localhost', port=9000): Max retries exceeded with url: /bus-alerts?location= (Caused by NewConnectionError("HTTPConnection(host='localhost', port=9000): Failed to establish a new connection: [Errno 111] Connection refused"))
❌ Failed to list jobs: HTTPConnectionPool(host='localhost', port=9000): Max retries exceeded with url: /bus-alerts?location= (Caused by NewConnectionError("HTTPConnection(host='localhost', port=9000): Failed to establish a new connection: [Errno 111] Connection refused"))
❌ Failed to list jobs: HTTPConnectionPool(host='localhost', port=9000): Max retries exceeded with url: /bus-alerts?location= (Caused by NewConnectionError("HTTPConnection(host='localhost', port=9000): Failed to establish a new connection: [Errno 111] Connection refused"))
❌ Failed to list jobs: HTTPConnectionPool(host='localhost', port=9000): Max retries exceeded with url: /bus-alerts?location= (Caused by NewConnectionError("HTTPConnection(host='localhost', port=9000): Failed to establish a new connection: [Errno 111] Connection refused"))
❌ Failed to list jobs: HTTPConnectionPool(host='localhost', port=9000): Max retries exceeded with url: /bus-alerts?location= (Caused by NewConnectionError("HTTPConnection(host='localhost', port=9000): Failed to establish a new connection: [Errno 111] Connection refused"))
❌ Failed to list jobs: HTTPConnectionPool(host='localhost', port=9000): Max retries exceeded with url: /bus-alerts?location= (Caused by NewConnectionError("HTTPConnection(host='localhost', port=9000): Failed to establish a new connection: [Errno 111] Connection refused"))
❌ Failed to list jobs: HTTPConnectionPool(host='localhost', port=9000): Max retries exceeded with url: /bus-alerts?location= (Caused by NewConnectionError("HTTPConnection(host='localhost', port=9000): Failed to establish a new connection: [Errno 111] Connection refused"))
❌ Failed to list jobs: HTTPConnectionPool(host='localhost', port=9000): Max retries exceeded with url: /bus-alerts?location= (Caused by NewConnectionError("HTTPConnection(host='localhost', port=9000): Failed to establish a new connection: [Errno 111] Connection refused"))
❌ Failed to list jobs: HTTPConnectionPool(host='localhost', port=9000): Max retries exceeded with url: /bus-alerts?location= (Caused by NewConnectionError("HTTPConnection(host='localhost', port=9000): Failed to establish a new connection: [Errno 111] Connection refused"))
❌ Failed to list jobs: HTTPConnectionPool(host='localhost', port=9000): Max retries exceeded with url: /bus-alerts?location= (Caused by NewConnectionError("HTTPConnection(host='localhost', port=9000): Failed to establish a new connection: [Errno 111] Connection refused"))
❌ Failed to list jobs: HTTPConnectionPool(host='localhost', port=9000): Max retries exceeded with url: /bus-alerts?location= (Caused by NewConnectionError("HTTPConnection(host='localhost', port=9000): Failed to establish a new connection: [Errno 111] Connection refused"))
❌ Failed to list jobs: HTTPConnectionPool(host='localhost', port=9000): Max retries exceeded with url: /bus-alerts?location= (Caused by NewConnectionError("HTTPConnection(host='localhost', port=9000): Failed to establish a new connection: [Errno 111] Connection refused"))
❌ Failed to list jobs: HTTPConnectionPool(host='localhost', port=9000): Max retries exceeded with url: /bus-alerts?location= (Caused by NewConnectionError("HTTPConnection(host='localhost', port=9000): Failed to establish a new connection: [Errno 111] Connection refused"))
❌ Failed to list jobs: HTTPConnectionPool(host='localhost', port=9000): Max retries exceeded with url: /bus-alerts?location= (Caused by NewConnectionError("HTTPConnection(host='localhost', port=9000): Failed to establish a new connection: [Errno 111] Connection refused"))
❌ Failed to list jobs: HTTPConnectionPool(host='localhost', port=9000): Max retries exceeded with url: /bus-alerts?location= (Caused by NewConnectionError("HTTPConnection(host='localhost', port=9000): Failed to establish a new connection: [Errno 111] Connection refused"))
❌ Failed to list jobs: HTTPConnectionPool(host='localhost', port=9000): Max retries exceeded with url: /bus-alerts?location= (Caused by NewConnectionError("HTTPConnection(host='localhost', port=9000): Failed to establish a new connection: [Errno 111] Connection refused"))
❌ Failed to list jobs: HTTPConnectionPool(host='localhost', port=9000): Max retries exceeded with url: /bus-alerts?location= (Caused by NewConnectionError("HTTPConnection(host='localhost', port=9000): Failed to establish a new connection: [Errno 111] Connection refused"))
❌ Failed to list jobs: HTTPConnectionPool(host='localhost', port=9000): Max retries exceeded with url: /bus-alerts?location= (Caused by NewConnectionError("HTTPConnection(host='localhost', port=9000): Failed to establish a new connection: [Errno 111] Connection refused"))
❌ Failed to list jobs: HTTPConnectionPool(host='localhost', port=9000): Max retries exceeded with url: /bus-alerts?location= (Caused by NewConnectionError("HTTPConnection(host='localhost', port=9000): Failed to establish a new connection: [Errno 111] Connection refused"))
❌ Failed to list jobs: HTTPConnectionPool(host='localhost', port=9000): Max retries exceeded with url: /bus-alerts?location= (Caused by NewConnectionError("HTTPConnection(host='localhost', port=9000): Failed to establish a new connection: [Errno 111] Connection refused"))
❌ Failed to list jobs: HTTPConnectionPool(host='localhost', port=9000): Max retries exceeded with url: /bus-alerts?location= (Caused by NewConnectionError("HTTPConnection(host='localhost', port=9000): Failed to establish a new connection: [Errno 111] Connection refused"))
❌ Failed to list jobs: HTTPConnectionPool(host='localhost', port=9000): Max retries exceeded with url: /bus-alerts?location= (Caused by NewConnectionError("HTTPConnection(host='localhost', port=9000): Failed to establish a new connection: [Errno 111] Connection refused"))
❌ Failed to list jobs: HTTPConnectionPool(host='localhost', port=9000): Max retries exceeded with url: /bus-alerts?location= (Caused by NewConnectionError("HTTPConnection(host='localhost', port=9000): Failed to establish a new connection: [Errno 111] Connection refused"))
❌ Failed to list jobs: HTTPConnectionPool(host='localhost', port=9000): Max retries exceeded with url: /bus-alerts?location= (Caused by NewConnectionError("HTTPConnection(host='localhost', port=9000): Failed to establish a new connection: [Errno 111] Connection refused"))
❌ Failed to list jobs: HTTPConnectionPool(host='localhost', port=9000): Max retries exceeded with url: /bus-alerts?location= (Caused by NewConnectionError("HTTPConnection(host='localhost', port=9000): Failed to establish a new connection: [Errno 111] Connection refused"))
❌ Failed to list jobs: HTTPConnectionPool(host='localhost', port=9000): Max retries exceeded with url: /bus-alerts?location= (Caused by NewConnectionError("HTTPConnection(host='localhost', port=9000): Failed to establish a new connection: [Errno 111] Connection refused"))
❌ Failed to list jobs: HTTPConnectionPool(host='localhost', port=9000): Max retries exceeded with url: /bus-alerts?location= (Caused by NewConnectionError("HTTPConnection(host='localhost', port=9000): Failed to establish a new connection: [Errno 111] Connection refused"))
❌ Failed to list jobs: HTTPConnectionPool(host='localhost', port=9000): Max retries exceeded with url: /bus-alerts?location= (Caused by NewConnectionError("HTTPConnection(host='localhost', port=9000): Failed to establish a new connection: [Errno 111] Connection refused"))
❌ Failed to list jobs: HTTPConnectionPool(host='localhost', port=9000): Max retries exceeded with url: /bus-alerts?location= (Caused by NewConnectionError("HTTPConnection(host='localhost', port=9000): Failed to establish a new connection: [Errno 111] Connection refused"))
❌ Failed to list jobs: HTTPConnectionPool(host='localhost', port=9000): Max retries exceeded with url: /bus-alerts?location= (Caused by NewConnectionError("HTTPConnection(host='localhost', port=9000): Failed to establish a new connection: [Errno 111] Connection refused"))
❌ Failed to list jobs: HTTPConnectionPool(host='localhost', port=9000): Max retries exceeded with url: /bus-alerts?location= (Caused by NewConnectionError("HTTPConnection(host='localhost', port=9000): Failed to establish a new connection: [Errno 111] Connection refused"))
❌ Failed to list jobs: HTTPConnectionPool(host='localhost', port=9000): Max retries exceeded with url: /bus-alerts?location= (Caused by NewConnectionError("HTTPConnection(host='localhost', port=9000): Failed to establish a new connection: [Errno 111] Connection refused"))
❌ Failed to list jobs: HTTPConnectionPool(host='localhost', port=9000): Max retries exceeded with url: /bus-alerts?location= (Caused by NewConnectionError("HTTPConnection(host='localhost', port=9000): Failed to establish a new connection: [Errno 111] Connection refused"))
❌ Failed to list jobs: HTTPConnectionPool(host='localhost', port=9000): Max retries exceeded with url: /bus-alerts?location= (Caused by NewConnectionError("HTTPConnection(host='localhost', port=9000): Failed to establish a new connection: [Errno 111] Connection refused"))
❌ Failed to list jobs: HTTPConnectionPool(host='localhost', port=9000): Max retries exceeded with url: /bus-alerts?location= (Caused by NewConnectionError("HTTPConnection(host='localhost', port=9000): Failed to establish a new connection: [Errno 111] Connection refused"))
❌ Failed to list jobs: HTTPConnectionPool(host='localhost', port=9000): Max retries exceeded with url: /bus-alerts?location= (Caused by NewConnectionError("HTTPConnection(host='localhost', port=9000): Failed to establish a new connection: [Errno 111] Connection refused"))
❌ Failed to list jobs: HTTPConnectionPool(host='localhost', port=9000): Max retries exceeded with url: /bus-alerts?location= (Caused by NewConnectionError("HTTPConnection(host='localhost', port=9000): Failed to establish a new connection: [Errno 111] Connection refused"))
❌ Failed to list jobs: HTTPConnectionPool(host='localhost', port=9000): Max retries exceeded with url: /bus-alerts?location= (Caused by NewConnectionError("HTTPConnection(host='localhost', port=9000): Failed to establish a new connection: [Errno 111] Connection refused"))
❌ Failed to list jobs: HTTPConnectionPool(host='localhost', port=9000): Max retries exceeded with url: /bus-alerts?location= (Caused by NewConnectionError("HTTPConnection(host='localhost', port=9000): Failed to establish a new connection: [Errno 111] Connection refused"))
❌ Failed to list jobs: HTTPConnectionPool(host='localhost', port=9000): Max retries exceeded with url: /bus-alerts?location= (Caused by NewConnectionError("HTTPConnection(host='localhost', port=9000): Failed to establish a new connection: [Errno 111] Connection refused"))
❌ Failed to list jobs: HTTPConnectionPool(host='localhost', port=9000): Max retries exceeded with url: /bus-alerts?location= (Caused by NewConnectionError("HTTPConnection(host='localhost', port=9000): Failed to establish a new connection: [Errno 111] Connection refused"))
❌ Failed to list jobs: HTTPConnectionPool(host='localhost', port=9000): Max retries exceeded with url: /bus-alerts?location= (Caused by NewConnectionError("HTTPConnection(host='localhost', port=9000): Failed to establish a new connection: [Errno 111] Connection refused"))
❌ Failed to list jobs: HTTPConnectionPool(host='localhost', port=9000): Max retries exceeded with url: /bus-alerts?location= (Caused by NewConnectionError("HTTPConnection(host='localhost', port=9000): Failed to establish a new connection: [Errno 111] Connection refused"))
❌ Failed to list jobs: HTTPConnectionPool(host='localhost', port=9000): Max retries exceeded with url: /bus-alerts?location= (Caused by NewConnectionError("HTTPConnection(host='localhost', port=9000): Failed to establish a new connection: [Errno 111] Connection refused"))
❌ Failed to list jobs: HTTPConnectionPool(host='localhost', port=9000): Max retries exceeded with url: /bus-alerts?location= (Caused by NewConnectionError("HTTPConnection(host='localhost', port=9000): Failed to establish a new connection: [Errno 111] Connection refused"))
❌ Failed to list jobs: HTTPConnectionPool(host='localhost', port=9000): Max retries exceeded with url: /bus-alerts?location= (Caused by NewConnectionError("HTTPConnection(host='localhost', port=9000): Failed to establish a new connection: [Errno 111] Connection refused"))
❌ Failed to list jobs: HTTPConnectionPool(host='localhost', port=9000): Max retries exceeded with url: /bus-alerts?location= (Caused by NewConnectionError("HTTPConnection(host='localhost', port=9000): Failed to establish a new connection: [Errno 111] Connection refused"))
❌ Failed to list jobs: HTTPConnectionPool(host='localhost', port=9000): Max retries exceeded with url: /bus-alerts?location= (Caused by NewConnectionError("HTTPConnection(host='localhost', port=9000): Failed to establish a new connection: [Errno 111] Connection refused"))
❌ Failed to list jobs: HTTPConnectionPool(host='localhost', port=9000): Max retries exceeded with url: /bus-alerts?location= (Caused by NewConnectionError("HTTPConnection(host='localhost', port=9000): Failed to establish a new connection: [Errno 111] Connection refused"))
❌ Failed to list jobs: HTTPConnectionPool(host='localhost', port=9000): Max retries exceeded with url: /bus-alerts?location= (Caused by NewConnectionError("HTTPConnection(host='localhost', port=9000): Failed to establish a new connection: [Errno 111] Connection refused"))
❌ Failed to list jobs: HTTPConnectionPool(host='localhost', port=9000): Max retries exceeded with url: /bus-alerts?location= (Caused by NewConnectionError("HTTPConnection(host='localhost', port=9000): Failed to establish a new connection: [Errno 111] Connection refused"))
❌ Failed to list jobs: HTTPConnectionPool(host='localhost', port=9000): Max retries exceeded with url: /bus-alerts?location= (Caused by NewConnectionError("HTTPConnection(host='localhost', port=9000): Failed to establish a new connection: [Errno 111] Connection refused"))
❌ Failed to list jobs: HTTPConnectionPool(host='localhost', port=9000): Max retries exceeded with url: /bus-alerts?location= (Caused by NewConnectionError("HTTPConnection(host='localhost', port=9000): Failed to establish a new connection: [Errno 111] Connection refused"))
❌ Failed to list jobs: HTTPConnectionPool(host='localhost', port=9000): Max retries exceeded with url: /bus-alerts?location= (Caused by NewConnectionError("HTTPConnection(host='localhost', port=9000): Failed to establish a new connection: [Errno 111] Connection refused"))
❌ Failed to list jobs: HTTPConnectionPool(host='localhost', port=9000): Max retries exceeded with url: /bus-alerts?location= (Caused by NewConnectionError("HTTPConnection(host='localhost', port=9000): Failed to establish a new connection: [Errno 111] Connection refused"))
❌ Failed to list jobs: HTTPConnectionPool(host='localhost', port=9000): Max retries exceeded with url: /bus-alerts?location= (Caused by NewConnectionError("HTTPConnection(host='localhost', port=9000): Failed to establish a new connection: [Errno 111] Connection refused"))
❌ Failed to list jobs: HTTPConnectionPool(host='localhost', port=9000): Max retries exceeded with url: /bus-alerts?location= (Caused by NewConnectionError("HTTPConnection(host='localhost', port=9000): Failed to establish a new connection: [Errno 111] Connection refused"))
❌ Failed to list jobs: HTTPConnectionPool(host='localhost', port=9000): Max retries exceeded with url: /bus-alerts?location= (Caused by NewConnectionError("HTTPConnection(host='localhost', port=9000): Failed to establish a new connection: [Errno 111] Connection refused"))
❌ Failed to list jobs: HTTPConnectionPool(host='localhost', port=9000): Max retries exceeded with url: /bus-alerts?location= (Caused by NewConnectionError("HTTPConnection(host='localhost', port=9000): Failed to establish a new connection: [Errno 111] Connection refused"))
❌ Failed to list jobs: HTTPConnectionPool(host='localhost', port=9000): Max retries exceeded with url: /bus-alerts?location= (Caused by NewConnectionError("HTTPConnection(host='localhost', port=9000): Failed to establish a new connection: [Errno 111] Connection refused"))
❌ Failed to list jobs: HTTPConnectionPool(host='localhost', port=9000): Max retries exceeded with url: /bus-alerts?location= (Caused by NewConnectionError("HTTPConnection(host='localhost', port=9000): Failed to establish a new connection: [Errno 111] Connection refused"))
❌ Failed to list jobs: HTTPConnectionPool(host='localhost', port=9000): Max retries exceeded with url: /bus-alerts?location= (Caused by NewConnectionError("HTTPConnection(host='localhost', port=9000): Failed to establish a new connection: [Errno 111] Connection refused"))
❌ Failed to list jobs: HTTPConnectionPool(host='localhost', port=9000): Max retries exceeded with url: /bus-alerts?location= (Caused by NewConnectionError("HTTPConnection(host='localhost', port=9000): Failed to establish a new connection: [Errno 111] Connection refused"))
❌ Failed to list jobs: HTTPConnectionPool(host='localhost', port=9000): Max retries exceeded with url: /bus-alerts?location= (Caused by NewConnectionError("HTTPConnection(host='localhost', port=9000): Failed to establish a new connection: [Errno 111] Connection refused"))
❌ Failed to list jobs: HTTPConnectionPool(host='localhost', port=9000): Max retries exceeded with url: /bus-alerts?location= (Caused by NewConnectionError("HTTPConnection(host='localhost', port=9000): Failed to establish a new connection: [Errno 111] Connection refused"))
❌ Failed to list jobs: HTTPConnectionPool(host='localhost', port=9000): Max retries exceeded with url: /bus-alerts?location= (Caused by NewConnectionError("HTTPConnection(host='localhost', port=9000): Failed to establish a new connection: [Errno 111] Connection refused"))
❌ Failed to list jobs: HTTPConnectionPool(host='localhost', port=9000): Max retries exceeded with url: /bus-alerts?location= (Caused by NewConnectionError("HTTPConnection(host='localhost', port=9000): Failed to establish a new connection: [Errno 111] Connection refused"))
❌ Failed to list jobs: HTTPConnectionPool(host='localhost', port=9000): Max retries exceeded with url: /bus-alerts?location= (Caused by NewConnectionError("HTTPConnection(host='localhost', port=9000): Failed to establish a new connection: [Errno 111] Connection refused"))
❌ Failed to list jobs: HTTPConnectionPool(host='localhost', port=9000): Max retries exceeded with url: /bus-alerts?location= (Caused by NewConnectionError("HTTPConnection(host='localhost', port=9000): Failed to establish a new connection: [Errno 111] Connection refused"))
❌ Failed to list jobs: HTTPConnectionPool(host='localhost', port=9000): Max retries exceeded with url: /bus-alerts?location= (Caused by NewConnectionError("HTTPConnection(host='localhost', port=9000): Failed to establish a new connection: [Errno 111] Connection refused"))
❌ Failed to list jobs: HTTPConnectionPool(host='localhost', port=9000): Max retries exceeded with url: /bus-alerts?location= (Caused by NewConnectionError("HTTPConnection(host='localhost', port=9000): Failed to establish a new connection: [Errno 111] Connection refused"))
❌ Failed to list jobs: HTTPConnectionPool(host='localhost', port=9000): Max retries exceeded with url: /bus-alerts?location= (Caused by NewConnectionError("HTTPConnection(host='localhost', port=9000): Failed to establish a new connection: [Errno 111] Connection refused"))
❌ Failed to list jobs: HTTPConnectionPool(host='localhost', port=9000): Max retries exceeded with url: /bus-alerts?location= (Caused by NewConnectionError("HTTPConnection(host='localhost', port=9000): Failed to establish a new connection: [Errno 111] Connection refused"))
❌ Failed to list jobs: HTTPConnectionPool(host='localhost', port=9000): Max retries exceeded with url: /bus-alerts?location= (Caused by NewConnectionError("HTTPConnection(host='localhost', port=9000): Failed to establish a new connection: [Errno 111] Connection refused"))
❌ Failed to list jobs: HTTPConnectionPool(host='localhost', port=9000): Max retries exceeded with url: /bus-alerts?location= (Caused by NewConnectionError("HTTPConnection(host='localhost', port=9000): Failed to establish a new connection: [Errno 111] Connection refused"))
❌ Failed to list jobs: HTTPConnectionPool(host='localhost', port=9000): Max retries exceeded with url: /bus-alerts?location= (Caused by NewConnectionError("HTTPConnection(host='localhost', port=9000): Failed to establish a new connection: [Errno 111] Connection refused"))
❌ Failed to list jobs: HTTPConnectionPool(host='localhost', port=9000): Max retries exceeded with url: /bus-alerts?location= (Caused by NewConnectionError("HTTPConnection(host='localhost', port=9000): Failed to establish a new connection: [Errno 111] Connection refused"))
❌ Failed to list jobs: HTTPConnectionPool(host='localhost', port=9000): Max retries exceeded with url: /bus-alerts?location= (Caused by NewConnectionError("HTTPConnection(host='localhost', port=9000): Failed to establish a new connection: [Errno 111] Connection refused"))
❌ Failed to list jobs: HTTPConnectionPool(host='localhost', port=9000): Max retries exceeded with url: /bus-alerts?location= (Caused by NewConnectionError("HTTPConnection(host='localhost', port=9000): Failed to establish a new connection: [Errno 111] Connection refused"))
❌ Failed to list jobs: HTTPConnectionPool(host='localhost', port=9000): Max retries exceeded with url: /bus-alerts?location= (Caused by NewConnectionError("HTTPConnection(host='localhost', port=9000): Failed to establish a new connection: [Errno 111] Connection refused"))
❌ Failed to list jobs: HTTPConnectionPool(host='localhost', port=9000): Max retries exceeded with url: /bus-alerts?location= (Caused by NewConnectionError("HTTPConnection(host='localhost', port=9000): Failed to establish a new connection: [Errno 111] Connection refused"))
❌ Failed to list jobs: HTTPConnectionPool(host='localhost', port=9000): Max retries exceeded with url: /bus-alerts?location= (Caused by NewConnectionError("HTTPConnection(host='localhost', port=9000): Failed to establish a new connection: [Errno 111] Connection refused"))
❌ Failed to list jobs: HTTPConnectionPool(host='localhost', port=9000): Max retries exceeded with url: /bus-alerts?location= (Caused by NewConnectionError("HTTPConnection(host='localhost', port=9000): Failed to establish a new connection: [Errno 111] Connection refused"))
❌ Failed to list jobs: HTTPConnectionPool(host='localhost', port=9000): Max retries exceeded with url: /bus-alerts?location= (Caused by NewConnectionError("HTTPConnection(host='localhost', port=9000): Failed to establish a new connection: [Errno 111] Connection refused"))
❌ Failed to list jobs: HTTPConnectionPool(host='localhost', port=9000): Max retries exceeded with url: /bus-alerts?location= (Caused by NewConnectionError("HTTPConnection(host='localhost', port=9000): Failed to establish a new connection: [Errno 111] Connection refused"))
❌ Failed to list jobs: HTTPConnectionPool(host='localhost', port=9000): Max retries exceeded with url: /bus-alerts?location= (Caused by NewConnectionError("HTTPConnection(host='localhost', port=9000): Failed to establish a new connection: [Errno 111] Connection refused"))
❌ Failed to list jobs: HTTPConnectionPool(host='localhost', port=9000): Max retries exceeded with url: /bus-alerts?location= (Caused by NewConnectionError("HTTPConnection(host='localhost', port=9000): Failed to establish a new connection: [Errno 111] Connection refused"))
❌ Failed to list jobs: HTTPConnectionPool(host='localhost', port=9000): Max retries exceeded with url: /bus-alerts?location= (Caused by NewConnectionError("HTTPConnection(host='localhost', port=9000): Failed to establish a new connection: [Errno 111] Connection refused"))
❌ Failed to list jobs: HTTPConnectionPool(host='localhost', port=9000): Max retries exceeded with url: /bus-alerts?location= (Caused by NewConnectionError("HTTPConnection(host='localhost', port=9000): Failed to establish a new connection: [Errno 111] Connection refused"))
❌ Failed to list jobs: HTTPConnectionPool(host='localhost', port=9000): Max retries exceeded with url: /bus-alerts?location= (Caused by NewConnectionError("HTTPConnection(host='localhost', port=9000): Failed to establish a new connection: [Errno 111] Connection refused"))
❌ Failed to list jobs: HTTPConnectionPool(host='localhost', port=9000): Max retries exceeded with url: /bus-alerts?location= (Caused by NewConnectionError("HTTPConnection(host='localhost', port=9000): Failed to establish a new connection: [Errno 111] Connection refused"))
❌ Failed to list jobs: HTTPConnectionPool(host='localhost', port=9000): Max retries exceeded with url: /bus-alerts?location= (Caused by NewConnectionError("HTTPConnection(host='localhost', port=9000): Failed to establish a new connection: [Errno 111] Connection refused"))
❌ Failed to list jobs: HTTPConnectionPool(host='localhost', port=9000): Max retries exceeded with url: /bus-alerts?location= (Caused by NewConnectionError("HTTPConnection(host='localhost', port=9000): Failed to establish a new connection: [Errno 111] Connection refused"))
❌ Failed to list jobs: HTTPConnectionPool(host='localhost', port=9000): Max retries exceeded with url: /bus-alerts?location= (Caused by NewConnectionError("HTTPConnection(host='localhost', port=9000): Failed to establish a new connection: [Errno 111] Connection refused"))
❌ Failed to list jobs: HTTPConnectionPool(host='localhost', port=9000): Max retries exceeded with url: /bus-alerts?location= (Caused by NewConnectionError("HTTPConnection(host='localhost', port=9000): Failed to establish a new connection: [Errno 111] Connection refused"))
❌ Failed to list jobs: HTTPConnectionPool(host='localhost', port=9000): Max retries exceeded with url: /bus-alerts?location= (Caused by NewConnectionError("HTTPConnection(host='localhost', port=9000): Failed to establish a new connection: [Errno 111] Connection refused"))
❌ Failed to list jobs: HTTPConnectionPool(host='localhost', port=9000): Max retries exceeded with url: /bus-alerts?location= (Caused by NewConnectionError("HTTPConnection(host='localhost', port=9000): Failed to establish a new connection: [Errno 111] Connection refused"))
❌ Failed to list jobs: HTTPConnectionPool(host='localhost', port=9000): Max retries exceeded with url: /bus-alerts?location= (Caused by NewConnectionError("HTTPConnection(host='localhost', port=9000): Failed to establish a new connection: [Errno 111] Connection refused"))
❌ Failed to list jobs: HTTPConnectionPool(host='localhost', port=9000): Max retries exceeded with url: /bus-alerts?location= (Caused by NewConnectionError("HTTPConnection(host='localhost', port=9000): Failed to establish a new connection: [Errno 111] Connection refused"))
❌ Failed to list jobs: HTTPConnectionPool(host='localhost', port=9000): Max retries exceeded with url: /bus-alerts?location= (Caused by NewConnectionError("HTTPConnection(host='localhost', port=9000): Failed to establish a new connection: [Errno 111] Connection refused"))
❌ Failed to list jobs: HTTPConnectionPool(host='localhost', port=9000): Max retries exceeded with url: /bus-alerts?location= (Caused by NewConnectionError("HTTPConnection(host='localhost', port=9000): Failed to establish a new connection: [Errno 111] Connection refused"))
❌ Failed to list jobs: HTTPConnectionPool(host='localhost', port=9000): Max retries exceeded with url: /bus-alerts?location= (Caused by NewConnectionError("HTTPConnection(host='localhost', port=9000): Failed to establish a new connection: [Errno 111] Connection refused"))
❌ Failed to list jobs: HTTPConnectionPool(host='localhost', port=9000): Max retries exceeded with url: /bus-alerts?location= (Caused by NewConnectionError("HTTPConnection(host='localhost', port=9000): Failed to establish a new connection: [Errno 111] Connection refused"))
❌ Failed to list jobs: HTTPConnectionPool(host='localhost', port=9000): Max retries exceeded with url: /bus-alerts?location= (Caused by NewConnectionError("HTTPConnection(host='localhost', port=9000): Failed to establish a new connection: [Errno 111] Connection refused"))
❌ Failed to list jobs: HTTPConnectionPool(host='localhost', port=9000): Max retries exceeded with url: /bus-alerts?location= (Caused by NewConnectionError("HTTPConnection(host='localhost', port=9000): Failed to establish a new connection: [Errno 111] Connection refused"))
❌ Failed to list jobs: HTTPConnectionPool(host='localhost', port=9000): Max retries exceeded with url: /bus-alerts?location= (Caused by NewConnectionError("HTTPConnection(host='localhost', port=9000): Failed to establish a new connection: [Errno 111] Connection refused"))
❌ Failed to list jobs: HTTPConnectionPool(host='localhost', port=9000): Max retries exceeded with url: /bus-alerts?location= (Caused by NewConnectionError("HTTPConnection(host='localhost', port=9000): Failed to establish a new connection: [Errno 111] Connection refused"))
❌ Failed to list jobs: HTTPConnectionPool(host='localhost', port=9000): Max retries exceeded with url: /bus-alerts?location= (Caused by NewConnectionError("HTTPConnection(host='localhost', port=9000): Failed to establish a new connection: [Errno 111] Connection refused"))
❌ Failed to list jobs: HTTPConnectionPool(host='localhost', port=9000): Max retries exceeded with url: /bus-alerts?location= (Caused by NewConnectionError("HTTPConnection(host='localhost', port=9000): Failed to establish a new connection: [Errno 111] Connection refused"))
❌ Failed to list jobs: HTTPConnectionPool(host='localhost', port=9000): Max retries exceeded with url: /bus-alerts?location= (Caused by NewConnectionError("HTTPConnection(host='localhost', port=9000): Failed to establish a new connection: [Errno 111] Connection refused"))
❌ Failed to list jobs: HTTPConnectionPool(host='localhost', port=9000): Max retries exceeded with url: /bus-alerts?location= (Caused by NewConnectionError("HTTPConnection(host='localhost', port=9000): Failed to establish a new connection: [Errno 111] Connection refused"))
❌ Failed to list jobs: HTTPConnectionPool(host='localhost', port=9000): Max retries exceeded with url: /bus-alerts?location= (Caused by NewConnectionError("HTTPConnection(host='localhost', port=9000): Failed to establish a new connection: [Errno 111] Connection refused"))
❌ Failed to list jobs: HTTPConnectionPool(host='localhost', port=9000): Max retries exceeded with url: /bus-alerts?location= (Caused by NewConnectionError("HTTPConnection(host='localhost', port=9000): Failed to establish a new connection: [Errno 111] Connection refused"))
❌ Failed to list jobs: HTTPConnectionPool(host='localhost', port=9000): Max retries exceeded with url: /bus-alerts?location= (Caused by NewConnectionError("HTTPConnection(host='localhost', port=9000): Failed to establish a new connection: [Errno 111] Connection refused"))
❌ Failed to list jobs: HTTPConnectionPool(host='localhost', port=9000): Max retries exceeded with url: /bus-alerts?location= (Caused by NewConnectionError("HTTPConnection(host='localhost', port=9000): Failed to establish a new connection: [Errno 111] Connection refused"))
❌ Failed to list jobs: HTTPConnectionPool(host='localhost', port=9000): Max retries exceeded with url: /bus-alerts?location= (Caused by NewConnectionError("HTTPConnection(host='localhost', port=9000): Failed to establish a new connection: [Errno 111] Connection refused"))
❌ Failed to list jobs: HTTPConnectionPool(host='localhost', port=9000): Max retries exceeded with url: /bus-alerts?location= (Caused by NewConnectionError("HTTPConnection(host='localhost', port=9000): Failed to establish a new connection: [Errno 111] Connection refused"))
❌ Failed to list jobs: HTTPConnectionPool(host='localhost', port=9000): Max retries exceeded with url: /bus-alerts?location= (Caused by NewConnectionError("HTTPConnection(host='localhost', port=9000): Failed to establish a new connection: [Errno 111] Connection refused"))
❌ Failed to list jobs: HTTPConnectionPool(host='localhost', port=9000): Max retries exceeded with url: /bus-alerts?location= (Caused by NewConnectionError("HTTPConnection(host='localhost', port=9000): Failed to establish a new connection: [Errno 111] Connection refused"))
❌ Failed to list jobs: HTTPConnectionPool(host='localhost', port=9000): Max retries exceeded with url: /bus-alerts?location= (Caused by NewConnectionError("HTTPConnection(host='localhost', port=9000): Failed to establish a new connection: [Errno 111] Connection refused"))
❌ Failed to list jobs: HTTPConnectionPool(host='localhost', port=9000): Max retries exceeded with url: /bus-alerts?location= (Caused by NewConnectionError("HTTPConnection(host='localhost', port=9000): Failed to establish a new connection: [Errno 111] Connection refused"))
❌ Failed to list jobs: HTTPConnectionPool(host='localhost', port=9000): Max retries exceeded with url: /bus-alerts?location= (Caused by NewConnectionError("HTTPConnection(host='localhost', port=9000): Failed to establish a new connection: [Errno 111] Connection refused"))
❌ Failed to list jobs: HTTPConnectionPool(host='localhost', port=9000): Max retries exceeded with url: /bus-alerts?location= (Caused by NewConnectionError("HTTPConnection(host='localhost', port=9000): Failed to establish a new connection: [Errno 111] Connection refused"))
❌ Failed to list jobs: HTTPConnectionPool(host='localhost', port=9000): Max retries exceeded with url: /bus-alerts?location= (Caused by NewConnectionError("HTTPConnection(host='localhost', port=9000): Failed to establish a new connection: [Errno 111] Connection refused"))
❌ Failed to list jobs: HTTPConnectionPool(host='localhost', port=9000): Max retries exceeded with url: /bus-alerts?location= (Caused by NewConnectionError("HTTPConnection(host='localhost', port=9000): Failed to establish a new connection: [Errno 111] Connection refused"))
❌ Failed to list jobs: HTTPConnectionPool(host='localhost', port=9000): Max retries exceeded with url: /bus-alerts?location= (Caused by NewConnectionError("HTTPConnection(host='localhost', port=9000): Failed to establish a new connection: [Errno 111] Connection refused"))
❌ Failed to list jobs: HTTPConnectionPool(host='localhost', port=9000): Max retries exceeded with url: /bus-alerts?location= (Caused by NewConnectionError("HTTPConnection(host='localhost', port=9000): Failed to establish a new connection: [Errno 111] Connection refused"))
❌ Failed to list jobs: HTTPConnectionPool(host='localhost', port=9000): Max retries exceeded with url: /bus-alerts?location= (Caused by NewConnectionError("HTTPConnection(host='localhost', port=9000): Failed to establish a new connection: [Errno 111] Connection refused"))
❌ Failed to list jobs: HTTPConnectionPool(host='localhost', port=9000): Max retries exceeded with url: /bus-alerts?location= (Caused by NewConnectionError("HTTPConnection(host='localhost', port=9000): Failed to establish a new connection: [Errno 111] Connection refused"))
❌ Failed to list jobs: HTTPConnectionPool(host='localhost', port=9000): Max retries exceeded with url: /bus-alerts?location= (Caused by NewConnectionError("HTTPConnection(host='localhost', port=9000): Failed to establish a new connection: [Errno 111] Connection refused"))
❌ Failed to list jobs: HTTPConnectionPool(host='localhost', port=9000): Max retries exceeded with url: /bus-alerts?location= (Caused by NewConnectionError("HTTPConnection(host='localhost', port=9000): Failed to establish a new connection: [Errno 111] Connection refused"))
❌ Failed to list jobs: HTTPConnectionPool(host='localhost', port=9000): Max retries exceeded with url: /bus-alerts?location= (Caused by NewConnectionError("HTTPConnection(host='localhost', port=9000): Failed to establish a new connection: [Errno 111] Connection refused"))
❌ Failed to list jobs: HTTPConnectionPool(host='localhost', port=9000): Max retries exceeded with url: /bus-alerts?location= (Caused by NewConnectionError("HTTPConnection(host='localhost', port=9000): Failed to establish a new connection: [Errno 111] Connection refused"))
❌ Failed to list jobs: HTTPConnectionPool(host='localhost', port=9000): Max retries exceeded with url: /bus-alerts?location= (Caused by NewConnectionError("HTTPConnection(host='localhost', port=9000): Failed to establish a new connection: [Errno 111] Connection refused"))
❌ Failed to list jobs: HTTPConnectionPool(host='localhost', port=9000): Max retries exceeded with url: /bus-alerts?location= (Caused by NewConnectionError("HTTPConnection(host='localhost', port=9000): Failed to establish a new connection: [Errno 111] Connection refused"))
❌ Failed to list jobs: HTTPConnectionPool(host='localhost', port=9000): Max retries exceeded with url: /bus-alerts?location= (Caused by NewConnectionError("HTTPConnection(host='localhost', port=9000): Failed to establish a new connection: [Errno 111] Connection refused"))
❌ Failed to list jobs: HTTPConnectionPool(host='localhost', port=9000): Max retries exceeded with url: /bus-alerts?location= (Caused by NewConnectionError("HTTPConnection(host='localhost', port=9000): Failed to establish a new connection: [Errno 111] Connection refused"))
❌ Failed to list jobs: HTTPConnectionPool(host='localhost', port=9000): Max retries exceeded with url: /bus-alerts?location= (Caused by NewConnectionError("HTTPConnection(host='localhost', port=9000): Failed to establish a new connection: [Errno 111] Connection refused"))
❌ Failed to list jobs: HTTPConnectionPool(host='localhost', port=9000): Max retries exceeded with url: /bus-alerts?location= (Caused by NewConnectionError("HTTPConnection(host='localhost', port=9000): Failed to establish a new connection: [Errno 111] Connection refused"))
❌ Failed to list jobs: HTTPConnectionPool(host='localhost', port=9000): Max retries exceeded with url: /bus-alerts?location= (Caused by NewConnectionError("HTTPConnection(host='localhost', port=9000): Failed to establish a new connection: [Errno 111] Connection refused"))
❌ Failed to list jobs: HTTPConnectionPool(host='localhost', port=9000): Max retries exceeded with url: /bus-alerts?location= (Caused by NewConnectionError("HTTPConnection(host='localhost', port=9000): Failed to establish a new connection: [Errno 111] Connection refused"))
❌ Failed to list jobs: HTTPConnectionPool(host='localhost', port=9000): Max retries exceeded with url: /bus-alerts?location= (Caused by NewConnectionError("HTTPConnection(host='localhost', port=9000): Failed to establish a new connection: [Errno 111] Connection refused"))
❌ Failed to list jobs: HTTPConnectionPool(host='localhost', port=9000): Max retries exceeded with url: /bus-alerts?location= (Caused by NewConnectionError("HTTPConnection(host='localhost', port=9000): Failed to establish a new connection: [Errno 111] Connection refused"))
❌ Failed to list jobs: HTTPConnectionPool(host='localhost', port=9000): Max retries exceeded with url: /bus-alerts?location= (Caused by NewConnectionError("HTTPConnection(host='localhost', port=9000): Failed to establish a new connection: [Errno 111] Connection refused"))
❌ Failed to list jobs: HTTPConnectionPool(host='localhost', port=9000): Max retries exceeded with url: /bus-alerts?location= (Caused by NewConnectionError("HTTPConnection(host='localhost', port=9000): Failed to establish a new connection: [Errno 111] Connection refused"))
❌ Failed to list jobs: HTTPConnectionPool(host='localhost', port=9000): Max retries exceeded with url: /bus-alerts?location= (Caused by NewConnectionError("HTTPConnection(host='localhost', port=9000): Failed to establish a new connection: [Errno 111] Connection refused"))
❌ Failed to list jobs: HTTPConnectionPool(host='localhost', port=9000): Max retries exceeded with url: /bus-alerts?location= (Caused by NewConnectionError("HTTPConnection(host='localhost', port=9000): Failed to establish a new connection: [Errno 111] Connection refused"))
❌ Failed to list jobs: HTTPConnectionPool(host='localhost', port=9000): Max retries exceeded with url: /bus-alerts?location= (Caused by NewConnectionError("HTTPConnection(host='localhost', port=9000): Failed to establish a new connection: [Errno 111] Connection refused"))
❌ Failed to list jobs: HTTPConnectionPool(host='localhost', port=9000): Max retries exceeded with url: /bus-alerts?location= (Caused by NewConnectionError("HTTPConnection(host='localhost', port=9000): Failed to establish a new connection: [Errno 111] Connection refused"))
❌ Failed to list jobs: HTTPConnectionPool(host='localhost', port=9000): Max retries exceeded with url: /bus-alerts?location= (Caused by NewConnectionError("HTTPConnection(host='localhost', port=9000): Failed to establish a new connection: [Errno 111] Connection refused"))
❌ Failed to list jobs: HTTPConnectionPool(host='localhost', port=9000): Max retries exceeded with url: /bus-alerts?location= (Caused by NewConnectionError("HTTPConnection(host='localhost', port=9000): Failed to establish a new connection: [Errno 111] Connection refused"))
❌ Failed to list jobs: HTTPConnectionPool(host='localhost', port=9000): Max retries exceeded with url: /bus-alerts?location= (Caused by NewConnectionError("HTTPConnection(host='localhost', port=9000): Failed to establish a new connection: [Errno 111] Connection refused"))
❌ Failed to list jobs: HTTPConnectionPool(host='localhost', port=9000): Max retries exceeded with url: /bus-alerts?location= (Caused by NewConnectionError("HTTPConnection(host='localhost', port=9000): Failed to establish a new connection: [Errno 111] Connection refused"))
❌ Failed to list jobs: HTTPConnectionPool(host='localhost', port=9000): Max retries exceeded with url: /bus-alerts?location= (Caused by NewConnectionError("HTTPConnection(host='localhost', port=9000): Failed to establish a new connection: [Errno 111] Connection refused"))
❌ Failed to list jobs: HTTPConnectionPool(host='localhost', port=9000): Max retries exceeded with url: /bus-alerts?location= (Caused by NewConnectionError("HTTPConnection(host='localhost', port=9000): Failed to establish a new connection: [Errno 111] Connection refused"))
❌ Failed to list jobs: HTTPConnectionPool(host='localhost', port=9000): Max retries exceeded with url: /bus-alerts?location= (Caused by NewConnectionError("HTTPConnection(host='localhost', port=9000): Failed to establish a new connection: [Errno 111] Connection refused"))
❌ Failed to list jobs: HTTPConnectionPool(host='localhost', port=9000): Max retries exceeded with url: /bus-alerts?location= (Caused by NewConnectionError("HTTPConnection(host='localhost', port=9000): Failed to establish a new connection: [Errno 111] Connection refused"))
❌ Failed to list jobs: HTTPConnectionPool(host='localhost', port=9000): Max retries exceeded with url: /bus-alerts?location= (Caused by NewConnectionError("HTTPConnection(host='localhost', port=9000): Failed to establish a new connection: [Errno 111] Connection refused"))
❌ Failed to list jobs: HTTPConnectionPool(host='localhost', port=9000): Max retries exceeded with url: /bus-alerts?location= (Caused by NewConnectionError("HTTPConnection(host='localhost', port=9000): Failed to establish a new connection: [Errno 111] Connection refused"))
❌ Failed to list jobs: HTTPConnectionPool(host='localhost', port=9000): Max retries exceeded with url: /bus-alerts?location= (Caused by NewConnectionError("HTTPConnection(host='localhost', port=9000): Failed to establish a new connection: [Errno 111] Connection refused"))
